<?xml version="1.0" encoding="UTF-8"?>
<!-- Generated by org.testng.reporters.JUnitReportReporter -->
<testsuite hostname="DESKTOP-EHOSC66" name="com.caci.hrms.testcases.LoingDataDrivenTest" tests="6" failures="0" timestamp="21 Oct 2020 02:50:57 GMT" time="4.195" errors="0">
  <testcase name="InvalidUserID_TC002" time="1.008" classname="com.caci.hrms.testcases.LoingDataDrivenTest"/>
  <testcase name="InvalidUserID_TC002" time="0.476" classname="com.caci.hrms.testcases.LoingDataDrivenTest"/>
  <testcase name="InvalidUserID_TC002" time="0.381" classname="com.caci.hrms.testcases.LoingDataDrivenTest"/>
  <testcase name="InvalidUserID_TC002" time="1.035" classname="com.caci.hrms.testcases.LoingDataDrivenTest"/>
  <testcase name="InvalidUserID_TC002" time="0.490" classname="com.caci.hrms.testcases.LoingDataDrivenTest"/>
  <testcase name="InvalidUserID_TC002" time="0.805" classname="com.caci.hrms.testcases.LoingDataDrivenTest"/>
</testsuite> <!-- com.caci.hrms.testcases.LoingDataDrivenTest -->
