<?xml version="1.0" encoding="UTF-8"?>
<!-- Generated by org.testng.reporters.JUnitReportReporter -->
<testsuite hostname="DESKTOP-EHOSC66" name="com.caci.hrms.testcases.PimAddEmployeeTest" tests="1" failures="0" timestamp="11 Oct 2020 03:09:37 GMT" time="23.509" errors="0">
  <testcase name="Login_TC001" time="23.509" classname="com.caci.hrms.testcases.PimAddEmployeeTest"/>
</testsuite> <!-- com.caci.hrms.testcases.PimAddEmployeeTest -->
