<?xml version="1.0" encoding="UTF-8"?>
<!-- Generated by org.testng.reporters.JUnitReportReporter -->
<testsuite hostname="DESKTOP-EHOSC66" name="com.caci.hrms.testcases.addUserTest" tests="6" failures="0" timestamp="22 Oct 2020 00:41:08 GMT" time="96.347" errors="0">
  <testcase name="addUser_TC001" time="15.924" classname="com.caci.hrms.testcases.addUserTest"/>
  <testcase name="addUser_TC001" time="15.708" classname="com.caci.hrms.testcases.addUserTest"/>
  <testcase name="addUser_TC001" time="16.391" classname="com.caci.hrms.testcases.addUserTest"/>
  <testcase name="addUser_TC001" time="15.607" classname="com.caci.hrms.testcases.addUserTest"/>
  <testcase name="addUser_TC001" time="16.995" classname="com.caci.hrms.testcases.addUserTest"/>
  <testcase name="addUser_TC001" time="15.722" classname="com.caci.hrms.testcases.addUserTest"/>
</testsuite> <!-- com.caci.hrms.testcases.addUserTest -->
