<?xml version="1.0" encoding="UTF-8"?>
<!-- Generated by org.testng.reporters.JUnitReportReporter -->
<testsuite hostname="DESKTOP-EHOSC66" name="com.caci.hrms.testcases.LoginTest" tests="1" failures="0" timestamp="9 Oct 2020 21:10:28 GMT" time="11.206" errors="0">
  <testcase name="logoinPageTitle_TC001" time="11.206" classname="com.caci.hrms.testcases.LoginTest"/>
</testsuite> <!-- com.caci.hrms.testcases.LoginTest -->
